2023-03-17 13:26:54,019 - root - INFO - =============Processing 1763772===========
2023-03-17 13:26:59,106 - root - INFO - =============DONE Processing 1763772===========
2023-03-17 13:26:59,106 - root - INFO - =============Processing 1802100===========
2023-03-17 13:26:59,572 - root - INFO - =============DONE Processing 1802100===========
2023-03-17 13:26:59,572 - root - INFO - =============Processing 1998895===========
2023-03-17 13:33:19,670 - root - INFO - =============Processing 20451353===========
2023-03-17 13:35:46,637 - root - INFO - =============Processing 20451353===========
2023-03-17 13:35:51,369 - root - INFO - =============Processing 173531435===========
2023-03-17 13:35:51,840 - root - ERROR - 173531435
2023-03-17 13:35:51,840 - root - INFO - =============DONE Processing 173531435===========
2023-03-17 13:35:51,840 - root - INFO - =============Processing 176676504===========
2023-03-17 13:35:51,929 - root - ERROR - 176676504
2023-03-17 13:35:51,930 - root - INFO - =============DONE Processing 176676504===========
2023-03-17 13:35:51,930 - root - INFO - =============Processing 270239533===========
2023-03-17 13:35:52,007 - root - ERROR - 270239533
2023-03-17 13:35:52,007 - root - INFO - =============DONE Processing 270239533===========
2023-03-17 13:35:52,007 - root - INFO - =============Processing 313048716===========
2023-03-17 13:35:52,096 - root - ERROR - 313048716
2023-03-17 13:35:52,096 - root - INFO - =============DONE Processing 313048716===========
2023-03-17 13:35:52,096 - root - INFO - =============Processing 348403563===========
2023-03-17 13:36:24,631 - root - INFO - =============Processing 348403563===========
2023-03-17 13:36:44,700 - root - INFO - =============Processing 173531435===========
2023-03-17 13:36:45,174 - root - ERROR - 173531435
2023-03-17 13:36:45,175 - root - INFO - =============DONE Processing 173531435===========
2023-03-17 13:36:45,175 - root - INFO - =============Processing 176676504===========
2023-03-17 13:36:45,275 - root - ERROR - 176676504
2023-03-17 13:36:45,275 - root - INFO - =============DONE Processing 176676504===========
2023-03-17 13:36:45,276 - root - INFO - =============Processing 270239533===========
2023-03-17 13:36:45,357 - root - ERROR - 270239533
2023-03-17 13:36:45,357 - root - INFO - =============DONE Processing 270239533===========
2023-03-17 13:36:45,357 - root - INFO - =============Processing 313048716===========
2023-03-17 13:36:45,451 - root - ERROR - 313048716
2023-03-17 13:36:45,451 - root - INFO - =============DONE Processing 313048716===========
2023-03-17 13:36:45,452 - root - INFO - =============Processing 348403563===========
2023-03-17 13:37:00,839 - root - INFO - =============Processing 348607972===========
2023-03-17 13:37:01,729 - root - INFO - =============DONE Processing 348607972===========
2023-03-17 13:37:01,730 - root - INFO - =============Processing 354347316===========
2023-03-17 13:37:01,827 - root - ERROR - 354347316
2023-03-17 13:37:01,827 - root - INFO - =============DONE Processing 354347316===========
2023-03-17 13:37:01,828 - root - INFO - =============Processing 390547689===========
2023-03-17 13:37:01,923 - root - ERROR - 390547689
2023-03-17 13:37:01,924 - root - INFO - =============DONE Processing 390547689===========
2023-03-17 13:37:01,924 - root - INFO - =============Processing 404731847===========
2023-03-17 13:37:02,054 - root - ERROR - 404731847
2023-03-17 13:37:02,054 - root - INFO - =============DONE Processing 404731847===========
2023-03-17 13:37:02,054 - root - INFO - =============Processing 452864739===========
2023-03-17 13:37:02,629 - root - INFO - =============DONE Processing 452864739===========
2023-03-17 13:37:02,629 - root - INFO - =============Processing 483466871===========
2023-03-17 13:37:02,724 - root - ERROR - 483466871
2023-03-17 13:37:02,724 - root - INFO - =============DONE Processing 483466871===========
2023-03-17 13:37:02,724 - root - INFO - =============Processing 490603087===========
2023-03-17 13:37:03,267 - root - INFO - =============DONE Processing 490603087===========
2023-03-17 13:37:03,267 - root - INFO - =============Processing 544639531===========
2023-03-17 13:37:03,357 - root - ERROR - 544639531
2023-03-17 13:37:03,357 - root - INFO - =============DONE Processing 544639531===========
2023-03-17 13:37:03,357 - root - INFO - =============Processing 567297988===========
2023-03-17 13:37:03,443 - root - ERROR - 567297988
2023-03-17 13:37:03,444 - root - INFO - =============DONE Processing 567297988===========
2023-03-17 13:38:06,119 - root - INFO - =============Processing 173531435===========
2023-03-17 13:38:06,620 - root - ERROR - Error Processing the Project
2023-03-17 13:38:06,620 - root - ERROR - 404 {"message": "Not Found", "documentation_url": "https://docs.github.com/rest/reference/repos#get-a-repository"}
2023-03-17 13:38:06,621 - root - INFO - =============DONE Processing 173531435===========
2023-03-17 13:38:06,621 - root - INFO - =============Processing 176676504===========
2023-03-17 13:38:06,715 - root - ERROR - Error Processing the Project
2023-03-17 13:38:06,715 - root - ERROR - 404 {"message": "Not Found", "documentation_url": "https://docs.github.com/rest/reference/repos#get-a-repository"}
2023-03-17 13:38:06,716 - root - INFO - =============DONE Processing 176676504===========
2023-03-17 13:38:06,716 - root - INFO - =============Processing 270239533===========
2023-03-17 13:38:06,811 - root - ERROR - Error Processing the Project
2023-03-17 13:38:06,811 - root - ERROR - 404 {"message": "Not Found", "documentation_url": "https://docs.github.com/rest/reference/repos#get-a-repository"}
2023-03-17 13:38:06,811 - root - INFO - =============DONE Processing 270239533===========
2023-03-17 13:38:06,812 - root - INFO - =============Processing 313048716===========
2023-03-17 13:38:06,914 - root - ERROR - Error Processing the Project
2023-03-17 13:38:06,914 - root - ERROR - 404 {"message": "Not Found", "documentation_url": "https://docs.github.com/rest/reference/repos#get-a-repository"}
2023-03-17 13:38:06,914 - root - INFO - =============DONE Processing 313048716===========
2023-03-17 13:38:06,915 - root - INFO - =============Processing 348607972===========
2023-03-17 13:38:07,396 - root - INFO - =============DONE Processing 348607972===========
2023-03-17 13:38:07,396 - root - INFO - =============Processing 354347316===========
2023-03-17 13:38:07,495 - root - ERROR - Error Processing the Project
2023-03-17 13:38:07,495 - root - ERROR - 404 {"message": "Not Found", "documentation_url": "https://docs.github.com/rest/reference/repos#get-a-repository"}
2023-03-17 13:38:07,495 - root - INFO - =============DONE Processing 354347316===========
2023-03-17 13:38:07,496 - root - INFO - =============Processing 390547689===========
2023-03-17 13:38:07,588 - root - ERROR - Error Processing the Project
2023-03-17 13:38:07,588 - root - ERROR - 404 {"message": "Not Found", "documentation_url": "https://docs.github.com/rest/reference/repos#get-a-repository"}
2023-03-17 13:38:07,588 - root - INFO - =============DONE Processing 390547689===========
2023-03-17 13:38:07,588 - root - INFO - =============Processing 404731847===========
2023-03-17 13:38:07,679 - root - ERROR - Error Processing the Project
2023-03-17 13:38:07,679 - root - ERROR - 404 {"message": "Not Found", "documentation_url": "https://docs.github.com/rest/reference/repos#get-a-repository"}
2023-03-17 13:38:07,679 - root - INFO - =============DONE Processing 404731847===========
2023-03-17 13:38:07,680 - root - INFO - =============Processing 452864739===========
2023-03-17 13:38:08,166 - root - INFO - =============DONE Processing 452864739===========
2023-03-17 13:38:08,166 - root - INFO - =============Processing 483466871===========
2023-03-17 13:38:08,265 - root - ERROR - Error Processing the Project
2023-03-17 13:38:08,265 - root - ERROR - 404 {"message": "Not Found", "documentation_url": "https://docs.github.com/rest/reference/repos#get-a-repository"}
2023-03-17 13:38:08,265 - root - INFO - =============DONE Processing 483466871===========
2023-03-17 13:38:08,265 - root - INFO - =============Processing 490603087===========
2023-03-17 13:38:08,798 - root - INFO - =============DONE Processing 490603087===========
2023-03-17 13:38:08,798 - root - INFO - =============Processing 544639531===========
2023-03-17 13:38:08,898 - root - ERROR - Error Processing the Project
2023-03-17 13:38:08,899 - root - ERROR - 404 {"message": "Not Found", "documentation_url": "https://docs.github.com/rest/reference/repos#get-a-repository"}
2023-03-17 13:38:08,899 - root - INFO - =============DONE Processing 544639531===========
2023-03-17 13:38:08,899 - root - INFO - =============Processing 567297988===========
2023-03-17 13:38:08,992 - root - ERROR - Error Processing the Project
2023-03-17 13:38:08,993 - root - ERROR - 404 {"message": "Not Found", "documentation_url": "https://docs.github.com/rest/reference/repos#get-a-repository"}
2023-03-17 13:38:08,993 - root - INFO - =============DONE Processing 567297988===========
2023-03-17 13:39:15,934 - root - INFO - =============Processing 173531435===========
2023-03-17 13:39:16,405 - root - ERROR - Error Processing the Project
2023-03-17 13:39:16,405 - root - ERROR - 404 {"message": "Not Found", "documentation_url": "https://docs.github.com/rest/reference/repos#get-a-repository"}
2023-03-17 13:39:16,406 - root - INFO - =============DONE Processing 173531435===========
2023-03-17 13:39:16,406 - root - INFO - =============Processing 176676504===========
2023-03-17 13:39:16,496 - root - ERROR - Error Processing the Project
2023-03-17 13:39:16,496 - root - ERROR - 404 {"message": "Not Found", "documentation_url": "https://docs.github.com/rest/reference/repos#get-a-repository"}
2023-03-17 13:39:16,497 - root - INFO - =============DONE Processing 176676504===========
2023-03-17 13:39:16,497 - root - INFO - =============Processing 270239533===========
2023-03-17 13:39:16,582 - root - ERROR - Error Processing the Project
2023-03-17 13:39:16,582 - root - ERROR - 404 {"message": "Not Found", "documentation_url": "https://docs.github.com/rest/reference/repos#get-a-repository"}
2023-03-17 13:39:16,582 - root - INFO - =============DONE Processing 270239533===========
2023-03-17 13:39:16,583 - root - INFO - =============Processing 313048716===========
2023-03-17 13:39:16,687 - root - ERROR - Error Processing the Project
2023-03-17 13:39:16,687 - root - ERROR - 404 {"message": "Not Found", "documentation_url": "https://docs.github.com/rest/reference/repos#get-a-repository"}
2023-03-17 13:39:16,687 - root - INFO - =============DONE Processing 313048716===========
2023-03-17 13:39:16,688 - root - INFO - =============Processing 348607972===========
2023-03-17 13:39:17,236 - root - INFO - =============DONE Processing 348607972===========
2023-03-17 13:39:17,236 - root - INFO - =============Processing 354347316===========
2023-03-17 13:39:17,327 - root - ERROR - Error Processing the Project
2023-03-17 13:39:17,327 - root - ERROR - 404 {"message": "Not Found", "documentation_url": "https://docs.github.com/rest/reference/repos#get-a-repository"}
2023-03-17 13:39:17,328 - root - INFO - =============DONE Processing 354347316===========
2023-03-17 13:39:17,328 - root - INFO - =============Processing 390547689===========
2023-03-17 13:39:17,421 - root - ERROR - Error Processing the Project
2023-03-17 13:39:17,421 - root - ERROR - 404 {"message": "Not Found", "documentation_url": "https://docs.github.com/rest/reference/repos#get-a-repository"}
2023-03-17 13:39:17,421 - root - INFO - =============DONE Processing 390547689===========
2023-03-17 13:39:17,421 - root - INFO - =============Processing 404731847===========
2023-03-17 13:39:17,515 - root - ERROR - Error Processing the Project
2023-03-17 13:39:17,515 - root - ERROR - 404 {"message": "Not Found", "documentation_url": "https://docs.github.com/rest/reference/repos#get-a-repository"}
2023-03-17 13:39:17,515 - root - INFO - =============DONE Processing 404731847===========
2023-03-17 13:39:17,516 - root - INFO - =============Processing 452864739===========
2023-03-17 13:39:18,003 - root - INFO - =============DONE Processing 452864739===========
2023-03-17 13:39:18,004 - root - INFO - =============Processing 483466871===========
2023-03-17 13:39:18,089 - root - ERROR - Error Processing the Project
2023-03-17 13:39:18,089 - root - ERROR - 404 {"message": "Not Found", "documentation_url": "https://docs.github.com/rest/reference/repos#get-a-repository"}
2023-03-17 13:39:18,089 - root - INFO - =============DONE Processing 483466871===========
2023-03-17 13:39:18,089 - root - INFO - =============Processing 490603087===========
2023-03-17 13:39:18,578 - root - INFO - =============DONE Processing 490603087===========
2023-03-17 13:39:18,579 - root - INFO - =============Processing 544639531===========
2023-03-17 13:39:18,664 - root - ERROR - Error Processing the Project
2023-03-17 13:39:18,664 - root - ERROR - 404 {"message": "Not Found", "documentation_url": "https://docs.github.com/rest/reference/repos#get-a-repository"}
2023-03-17 13:39:18,664 - root - INFO - =============DONE Processing 544639531===========
2023-03-17 13:39:18,665 - root - INFO - =============Processing 567297988===========
2023-03-17 13:39:18,755 - root - ERROR - Error Processing the Project
2023-03-17 13:39:18,755 - root - ERROR - 404 {"message": "Not Found", "documentation_url": "https://docs.github.com/rest/reference/repos#get-a-repository"}
2023-03-17 13:39:18,755 - root - INFO - =============DONE Processing 567297988===========
